rm -rf _build
rm -rf _autosummary
jupytext --to notebook notebooks/*.py
Running Sphinx v8.1.3
loading translations [en]... done
making output directory... done
building [mo]: targets for 0 po files that are out of date
writing output... 
building [html]: targets for 10 source files that are out of date
updating environment: [new config] 10 added, 0 changed, 0 removed
reading sources... [ 10%] ._api
reading sources... [ 20%] ._index
reading sources... [ 30%] ._tutorials
reading sources... [ 40%] _templates/._custom-class-template
reading sources... [ 50%] _templates/._custom-module-template
reading sources... [ 60%] _templates/custom-class-template
reading sources... [ 70%] _templates/custom-module-template
reading sources... [ 80%] api
reading sources... [ 90%] index
reading sources... [100%] tutorials

looking for now-outdated files... none found
pickling environment... done
checking consistency... done
preparing documents... done
copying assets... 
copying static files... 
Writing evaluated template result to /home/liranmao/03_integration/tutorial/Sphinx-Autosummary-Recursion/docs/_build/html/_static/basic.css
Writing evaluated template result to /home/liranmao/03_integration/tutorial/Sphinx-Autosummary-Recursion/docs/_build/html/_static/documentation_options.js
Writing evaluated template result to /home/liranmao/03_integration/tutorial/Sphinx-Autosummary-Recursion/docs/_build/html/_static/language_data.js
Writing evaluated template result to /home/liranmao/03_integration/tutorial/Sphinx-Autosummary-Recursion/docs/_build/html/_static/alabaster.css
copying static files: done
copying extra files... 
copying extra files: done
copying assets: done
writing output... [ 10%] ._api
writing output... [ 20%] ._index
writing output... [ 30%] ._tutorials
writing output... [ 40%] _templates/._custom-class-template
writing output... [ 50%] _templates/._custom-module-template
writing output... [ 60%] _templates/custom-class-template
writing output... [ 70%] _templates/custom-module-template
writing output... [ 80%] api
writing output... [ 90%] index
writing output... [100%] tutorials

generating indices... genindex done
writing additional pages... search done
dumping search index in English (code: en)... done
dumping object inventory... done
build succeeded, 71 warnings.

The HTML pages are in _build/html.
